

Started GET "/" for 127.0.0.1 at 2014-11-26 00:42:35 -0300
  [1m[36mActiveRecord::SchemaMigration Load (0.1ms)[0m  [1mSELECT "schema_migrations".* FROM "schema_migrations"[0m
Processing by AuctionsController#index as HTML
  Rendered auctions/_tabs.html.erb (4.7ms)
  [1m[35mAuction Load (0.3ms)[0m  SELECT "auctions".* FROM "auctions"
  Rendered auctions/index.html.erb within layouts/application (17.9ms)
  Rendered application/_header.html.erb (2.1ms)
Completed 200 OK in 1882ms (Views: 1867.2ms | ActiveRecord: 0.7ms)


Started GET "/" for 127.0.0.1 at 2014-11-26 00:42:37 -0300
Processing by AuctionsController#index as HTML
  Rendered auctions/_tabs.html.erb (0.1ms)
  [1m[36mAuction Load (0.3ms)[0m  [1mSELECT "auctions".* FROM "auctions"[0m
  Rendered auctions/index.html.erb within layouts/application (3.0ms)
  Rendered application/_header.html.erb (0.4ms)
Completed 200 OK in 143ms (Views: 141.3ms | ActiveRecord: 0.3ms)


Started GET "/login" for 127.0.0.1 at 2014-11-26 00:42:39 -0300
Processing by UserSessionsController#new as HTML
  Rendered user_sessions/_form.html.erb (1.6ms)
  Rendered user_sessions/new.html.erb within layouts/application (2.5ms)
  Rendered application/_header.html.erb (1.2ms)
Completed 200 OK in 168ms (Views: 149.5ms | ActiveRecord: 0.4ms)


Started GET "/users/new" for 127.0.0.1 at 2014-11-26 00:42:40 -0300
Processing by UsersController#new as HTML
  Rendered users/_form.html.erb (19.4ms)
  Rendered users/new.html.erb within layouts/application (20.7ms)
  Rendered application/_header.html.erb (0.6ms)
Completed 200 OK in 162ms (Views: 160.7ms | ActiveRecord: 0.0ms)


Started POST "/users" for 127.0.0.1 at 2014-11-26 00:42:42 -0300
Processing by UsersController#create as HTML
  Parameters: {"utf8"=>"✓", "authenticity_token"=>"WmTorCt1jlHK81xCZJDtiDsoLxzO7Mjea5Z6PCe+Dhg=", "user"=>{"name"=>"", "last_name"=>"", "username"=>"", "email"=>"", "email_confirmation"=>"", "password"=>"[FILTERED]", "password_confirmation"=>"[FILTERED]"}, "commit"=>"Registrarme"}
  [1m[35m (0.1ms)[0m  begin transaction
  [1m[36mUser Exists (0.2ms)[0m  [1mSELECT  1 AS one FROM "users"  WHERE "users"."username" = '' LIMIT 1[0m
  [1m[35mUser Exists (0.1ms)[0m  SELECT  1 AS one FROM "users"  WHERE "users"."email" = '' LIMIT 1
  [1m[36m (0.1ms)[0m  [1mrollback transaction[0m
  Rendered users/_form.html.erb (7.6ms)
  Rendered users/new.html.erb within layouts/application (8.6ms)
  Rendered application/_header.html.erb (0.4ms)
Completed 200 OK in 171ms (Views: 152.0ms | ActiveRecord: 0.5ms)


Started GET "/login" for 127.0.0.1 at 2014-11-26 00:42:43 -0300
Processing by UserSessionsController#new as HTML
  Rendered user_sessions/_form.html.erb (1.7ms)
  Rendered user_sessions/new.html.erb within layouts/application (2.8ms)
  Rendered application/_header.html.erb (0.5ms)
Completed 200 OK in 155ms (Views: 154.4ms | ActiveRecord: 0.0ms)


Started POST "/user_sessions" for 127.0.0.1 at 2014-11-26 00:42:45 -0300
Processing by UserSessionsController#create as HTML
  Parameters: {"utf8"=>"✓", "authenticity_token"=>"WmTorCt1jlHK81xCZJDtiDsoLxzO7Mjea5Z6PCe+Dhg=", "username"=>"", "password"=>"[FILTERED]", "commit"=>"Ingresar"}
  [1m[35mUser Load (0.3ms)[0m  SELECT "users".* FROM "users"  WHERE "users"."username" = '' AND "users"."activo" = 't'
  Rendered user_sessions/_form.html.erb (0.7ms)
  Rendered user_sessions/new.html.erb within layouts/application (1.3ms)
  Rendered application/_header.html.erb (0.4ms)
Completed 200 OK in 144ms (Views: 138.7ms | ActiveRecord: 0.3ms)


Started GET "/" for 127.0.0.1 at 2014-11-26 00:45:07 -0300
  [1m[36mActiveRecord::SchemaMigration Load (0.1ms)[0m  [1mSELECT "schema_migrations".* FROM "schema_migrations"[0m
Processing by AuctionsController#index as HTML
  Rendered auctions/_tabs.html.erb (4.6ms)
  [1m[35mAuction Load (0.3ms)[0m  SELECT "auctions".* FROM "auctions"
  Rendered auctions/index.html.erb within layouts/application (17.7ms)
  Rendered application/_header.html.erb (2.1ms)
Completed 200 OK in 349ms (Views: 323.7ms | ActiveRecord: 0.7ms)


Started GET "/" for 127.0.0.1 at 2014-11-26 00:45:08 -0300
Processing by AuctionsController#index as HTML
  Rendered auctions/_tabs.html.erb (0.2ms)
  [1m[36mAuction Load (0.5ms)[0m  [1mSELECT "auctions".* FROM "auctions"[0m
  Rendered auctions/index.html.erb within layouts/application (5.1ms)
  Rendered application/_header.html.erb (0.6ms)
Completed 200 OK in 196ms (Views: 194.2ms | ActiveRecord: 0.5ms)


Started GET "/" for 127.0.0.1 at 2014-11-26 00:45:13 -0300
Processing by AuctionsController#index as HTML
  Rendered auctions/_tabs.html.erb (0.1ms)
  [1m[35mAuction Load (0.3ms)[0m  SELECT "auctions".* FROM "auctions"
  Rendered auctions/index.html.erb within layouts/application (2.3ms)
  Rendered application/_header.html.erb (0.5ms)
Completed 200 OK in 146ms (Views: 144.4ms | ActiveRecord: 0.3ms)


Started GET "/" for 127.0.0.1 at 2014-11-26 00:45:19 -0300
Processing by AuctionsController#index as HTML
  Rendered auctions/_tabs.html.erb (0.2ms)
  [1m[36mAuction Load (0.5ms)[0m  [1mSELECT "auctions".* FROM "auctions"[0m
  Rendered auctions/index.html.erb within layouts/application (3.5ms)
  Rendered application/_header.html.erb (0.5ms)
Completed 200 OK in 161ms (Views: 159.1ms | ActiveRecord: 0.5ms)


Started GET "/login" for 127.0.0.1 at 2014-11-26 00:47:01 -0300
Processing by UserSessionsController#new as HTML
  Rendered user_sessions/_form.html.erb (1.5ms)
  Rendered user_sessions/new.html.erb within layouts/application (2.5ms)
  Rendered application/_header.html.erb (1.3ms)
Completed 200 OK in 176ms (Views: 155.5ms | ActiveRecord: 0.4ms)


Started POST "/user_sessions" for 127.0.0.1 at 2014-11-26 00:47:07 -0300
Processing by UserSessionsController#create as HTML
  Parameters: {"utf8"=>"✓", "authenticity_token"=>"WmTorCt1jlHK81xCZJDtiDsoLxzO7Mjea5Z6PCe+Dhg=", "username"=>"yosolo", "password"=>"[FILTERED]", "commit"=>"Ingresar"}
  [1m[35mUser Load (0.2ms)[0m  SELECT  "users".* FROM "users"  WHERE (username = 'yosolo')  ORDER BY "users"."id" ASC LIMIT 1
  [1m[36mUser Load (0.2ms)[0m  [1mSELECT "users".* FROM "users"  WHERE "users"."username" = 'yosolo' AND "users"."activo" = 't'[0m
  Rendered user_sessions/_form.html.erb (1.3ms)
  Rendered user_sessions/new.html.erb within layouts/application (2.2ms)
  Rendered application/_header.html.erb (0.5ms)
Completed 200 OK in 152ms (Views: 145.2ms | ActiveRecord: 0.4ms)


Started POST "/user_sessions" for 127.0.0.1 at 2014-11-26 00:47:16 -0300
Processing by UserSessionsController#create as HTML
  Parameters: {"utf8"=>"✓", "authenticity_token"=>"WmTorCt1jlHK81xCZJDtiDsoLxzO7Mjea5Z6PCe+Dhg=", "username"=>"yosolo", "password"=>"[FILTERED]", "commit"=>"Ingresar"}
  [1m[35mUser Load (0.2ms)[0m  SELECT  "users".* FROM "users"  WHERE (username = 'yosolo')  ORDER BY "users"."id" ASC LIMIT 1
  [1m[36mUser Load (0.1ms)[0m  [1mSELECT "users".* FROM "users"  WHERE "users"."username" = 'yosolo' AND "users"."activo" = 't'[0m
  Rendered user_sessions/_form.html.erb (0.7ms)
  Rendered user_sessions/new.html.erb within layouts/application (1.3ms)
  Rendered application/_header.html.erb (0.5ms)
Completed 200 OK in 153ms (Views: 151.0ms | ActiveRecord: 0.3ms)


Started POST "/user_sessions" for 127.0.0.1 at 2014-11-26 00:47:21 -0300
Processing by UserSessionsController#create as HTML
  Parameters: {"utf8"=>"✓", "authenticity_token"=>"WmTorCt1jlHK81xCZJDtiDsoLxzO7Mjea5Z6PCe+Dhg=", "username"=>"yosolo", "password"=>"[FILTERED]", "commit"=>"Ingresar"}
  [1m[35mUser Load (0.2ms)[0m  SELECT  "users".* FROM "users"  WHERE (username = 'yosolo')  ORDER BY "users"."id" ASC LIMIT 1
  [1m[36mUser Load (0.1ms)[0m  [1mSELECT "users".* FROM "users"  WHERE "users"."username" = 'yosolo' AND "users"."activo" = 't'[0m
  Rendered user_sessions/_form.html.erb (0.7ms)
  Rendered user_sessions/new.html.erb within layouts/application (1.2ms)
  Rendered application/_header.html.erb (0.4ms)
Completed 200 OK in 148ms (Views: 146.0ms | ActiveRecord: 0.3ms)


Started POST "/user_sessions" for 127.0.0.1 at 2014-11-26 00:47:28 -0300
Processing by UserSessionsController#create as HTML
  Parameters: {"utf8"=>"✓", "authenticity_token"=>"WmTorCt1jlHK81xCZJDtiDsoLxzO7Mjea5Z6PCe+Dhg=", "username"=>"Admin", "password"=>"[FILTERED]", "commit"=>"Ingresar"}
  [1m[35mUser Load (0.3ms)[0m  SELECT  "users".* FROM "users"  WHERE (username = 'Admin')  ORDER BY "users"."id" ASC LIMIT 1
  [1m[36mUser Load (0.2ms)[0m  [1mSELECT "users".* FROM "users"  WHERE "users"."username" = 'Admin' AND "users"."activo" = 't'[0m
  Rendered user_sessions/_form.html.erb (0.6ms)
  Rendered user_sessions/new.html.erb within layouts/application (1.1ms)
  Rendered application/_header.html.erb (0.5ms)
Completed 200 OK in 273ms (Views: 151.2ms | ActiveRecord: 0.5ms)


Started POST "/user_sessions" for 127.0.0.1 at 2014-11-26 00:47:37 -0300
Processing by UserSessionsController#create as HTML
  Parameters: {"utf8"=>"✓", "authenticity_token"=>"WmTorCt1jlHK81xCZJDtiDsoLxzO7Mjea5Z6PCe+Dhg=", "username"=>"Admin", "password"=>"[FILTERED]", "commit"=>"Ingresar"}
  [1m[35mUser Load (0.3ms)[0m  SELECT  "users".* FROM "users"  WHERE (username = 'Admin')  ORDER BY "users"."id" ASC LIMIT 1
  [1m[36mUser Load (0.2ms)[0m  [1mSELECT "users".* FROM "users"  WHERE "users"."username" = 'Admin' AND "users"."activo" = 't'[0m
  Rendered user_sessions/_form.html.erb (0.6ms)
  Rendered user_sessions/new.html.erb within layouts/application (1.1ms)
  Rendered application/_header.html.erb (0.4ms)
Completed 200 OK in 265ms (Views: 145.2ms | ActiveRecord: 0.6ms)


Started POST "/user_sessions" for 127.0.0.1 at 2014-11-26 00:47:46 -0300
Processing by UserSessionsController#create as HTML
  Parameters: {"utf8"=>"✓", "authenticity_token"=>"WmTorCt1jlHK81xCZJDtiDsoLxzO7Mjea5Z6PCe+Dhg=", "username"=>"awf", "password"=>"[FILTERED]", "commit"=>"Ingresar"}
  [1m[35mUser Load (0.2ms)[0m  SELECT  "users".* FROM "users"  WHERE (username = 'awf')  ORDER BY "users"."id" ASC LIMIT 1
  [1m[36mUser Load (0.2ms)[0m  [1mSELECT "users".* FROM "users"  WHERE "users"."username" = 'awf' AND "users"."activo" = 't'[0m
  Rendered user_sessions/_form.html.erb (5.7ms)
  Rendered user_sessions/new.html.erb within layouts/application (6.2ms)
  Rendered application/_header.html.erb (0.4ms)
Completed 200 OK in 254ms (Views: 143.0ms | ActiveRecord: 0.5ms)


Started POST "/user_sessions" for 127.0.0.1 at 2014-11-26 00:47:50 -0300
Processing by UserSessionsController#create as HTML
  Parameters: {"utf8"=>"✓", "authenticity_token"=>"WmTorCt1jlHK81xCZJDtiDsoLxzO7Mjea5Z6PCe+Dhg=", "username"=>"sd", "password"=>"[FILTERED]", "commit"=>"Ingresar"}
  [1m[35mUser Load (0.2ms)[0m  SELECT  "users".* FROM "users"  WHERE (username = 'sd')  ORDER BY "users"."id" ASC LIMIT 1
  [1m[36mUser Load (0.1ms)[0m  [1mSELECT "users".* FROM "users"  WHERE "users"."username" = 'sd' AND "users"."activo" = 't'[0m
  Rendered user_sessions/_form.html.erb (0.6ms)
  Rendered user_sessions/new.html.erb within layouts/application (1.1ms)
  Rendered application/_header.html.erb (0.6ms)
Completed 200 OK in 147ms (Views: 145.5ms | ActiveRecord: 0.3ms)


Started POST "/user_sessions" for 127.0.0.1 at 2014-11-26 00:47:56 -0300
Processing by UserSessionsController#create as HTML
  Parameters: {"utf8"=>"✓", "authenticity_token"=>"WmTorCt1jlHK81xCZJDtiDsoLxzO7Mjea5Z6PCe+Dhg=", "username"=>"Admin", "password"=>"[FILTERED]", "commit"=>"Ingresar"}
  [1m[35mUser Load (0.2ms)[0m  SELECT  "users".* FROM "users"  WHERE (username = 'Admin')  ORDER BY "users"."id" ASC LIMIT 1
  [1m[36mUser Load (0.2ms)[0m  [1mSELECT "users".* FROM "users"  WHERE "users"."username" = 'Admin' AND "users"."activo" = 't'[0m
  Rendered user_sessions/_form.html.erb (0.6ms)
  Rendered user_sessions/new.html.erb within layouts/application (1.1ms)
  Rendered application/_header.html.erb (0.4ms)
Completed 200 OK in 258ms (Views: 144.2ms | ActiveRecord: 0.5ms)


Started POST "/user_sessions" for 127.0.0.1 at 2014-11-26 00:48:11 -0300
Processing by UserSessionsController#create as HTML
  Parameters: {"utf8"=>"✓", "authenticity_token"=>"WmTorCt1jlHK81xCZJDtiDsoLxzO7Mjea5Z6PCe+Dhg=", "username"=>"todos", "password"=>"[FILTERED]", "commit"=>"Ingresar"}
  [1m[35mUser Load (0.6ms)[0m  SELECT  "users".* FROM "users"  WHERE (username = 'todos')  ORDER BY "users"."id" ASC LIMIT 1
  [1m[36mUser Load (0.2ms)[0m  [1mSELECT "users".* FROM "users"  WHERE "users"."username" = 'todos' AND "users"."activo" = 't'[0m
  Rendered user_sessions/_form.html.erb (0.8ms)
  Rendered user_sessions/new.html.erb within layouts/application (1.2ms)
  Rendered application/_header.html.erb (0.4ms)
Completed 200 OK in 259ms (Views: 143.7ms | ActiveRecord: 0.8ms)


Started POST "/user_sessions" for 127.0.0.1 at 2014-11-26 00:48:49 -0300
Processing by UserSessionsController#create as HTML
  Parameters: {"utf8"=>"✓", "authenticity_token"=>"WmTorCt1jlHK81xCZJDtiDsoLxzO7Mjea5Z6PCe+Dhg=", "username"=>"kevin91j", "password"=>"[FILTERED]", "commit"=>"Ingresar"}
  [1m[35mUser Load (0.3ms)[0m  SELECT  "users".* FROM "users"  WHERE (username = 'kevin91j')  ORDER BY "users"."id" ASC LIMIT 1
  [1m[36mUser Load (0.2ms)[0m  [1mSELECT "users".* FROM "users"  WHERE "users"."username" = 'kevin91j' AND "users"."activo" = 't'[0m
  Rendered user_sessions/_form.html.erb (0.6ms)
  Rendered user_sessions/new.html.erb within layouts/application (1.1ms)
  Rendered application/_header.html.erb (0.4ms)
Completed 200 OK in 263ms (Views: 143.5ms | ActiveRecord: 0.5ms)


Started POST "/user_sessions" for 127.0.0.1 at 2014-11-26 00:48:56 -0300
Processing by UserSessionsController#create as HTML
  Parameters: {"utf8"=>"✓", "authenticity_token"=>"WmTorCt1jlHK81xCZJDtiDsoLxzO7Mjea5Z6PCe+Dhg=", "username"=>"kevin91j", "password"=>"[FILTERED]", "commit"=>"Ingresar"}
  [1m[35mUser Load (0.6ms)[0m  SELECT  "users".* FROM "users"  WHERE (username = 'kevin91j')  ORDER BY "users"."id" ASC LIMIT 1
  [1m[36mUser Load (0.3ms)[0m  [1mSELECT "users".* FROM "users"  WHERE "users"."username" = 'kevin91j' AND "users"."activo" = 't'[0m
  Rendered user_sessions/_form.html.erb (0.6ms)
  Rendered user_sessions/new.html.erb within layouts/application (1.2ms)
  Rendered application/_header.html.erb (0.4ms)
Completed 200 OK in 262ms (Views: 145.5ms | ActiveRecord: 0.9ms)


Started POST "/user_sessions" for 127.0.0.1 at 2014-11-26 00:49:42 -0300
Processing by UserSessionsController#create as HTML
  Parameters: {"utf8"=>"✓", "authenticity_token"=>"WmTorCt1jlHK81xCZJDtiDsoLxzO7Mjea5Z6PCe+Dhg=", "username"=>"asdasd", "password"=>"[FILTERED]", "commit"=>"Ingresar"}
  [1m[35mUser Load (0.7ms)[0m  SELECT  "users".* FROM "users"  WHERE (username = 'asdasd')  ORDER BY "users"."id" ASC LIMIT 1
  [1m[36mUser Load (0.2ms)[0m  [1mSELECT "users".* FROM "users"  WHERE "users"."username" = 'asdasd' AND "users"."activo" = 't'[0m
  Rendered user_sessions/_form.html.erb (0.9ms)
  Rendered user_sessions/new.html.erb within layouts/application (1.4ms)
  Rendered application/_header.html.erb (0.5ms)
Completed 200 OK in 296ms (Views: 174.9ms | ActiveRecord: 0.9ms)


Started POST "/user_sessions" for 127.0.0.1 at 2014-11-26 00:50:18 -0300
Processing by UserSessionsController#create as HTML
  Parameters: {"utf8"=>"✓", "authenticity_token"=>"WmTorCt1jlHK81xCZJDtiDsoLxzO7Mjea5Z6PCe+Dhg=", "username"=>"kevin91j", "password"=>"[FILTERED]", "commit"=>"Ingresar"}
  [1m[35mUser Load (0.3ms)[0m  SELECT  "users".* FROM "users"  WHERE (username = 'kevin91j')  ORDER BY "users"."id" ASC LIMIT 1
Redirected to http://localhost:3000/auctions
Completed 302 Found in 111ms (ActiveRecord: 0.3ms)


Started GET "/auctions" for 127.0.0.1 at 2014-11-26 00:50:18 -0300
Processing by AuctionsController#index as HTML
  [1m[36mUser Load (0.3ms)[0m  [1mSELECT  "users".* FROM "users"  WHERE "users"."id" = 28 LIMIT 1[0m
  Rendered auctions/_tabs.html.erb (2.8ms)
  [1m[35mAuction Load (0.2ms)[0m  SELECT "auctions".* FROM "auctions"
  Rendered auctions/index.html.erb within layouts/application (5.6ms)
  Rendered application/_header.html.erb (0.6ms)
Completed 200 OK in 157ms (Views: 155.1ms | ActiveRecord: 0.5ms)


Started POST "/logout" for 127.0.0.1 at 2014-11-26 00:50:21 -0300
Processing by UserSessionsController#destroy as HTML
  Parameters: {"authenticity_token"=>"WmTorCt1jlHK81xCZJDtiDsoLxzO7Mjea5Z6PCe+Dhg="}
  [1m[36mUser Load (0.2ms)[0m  [1mSELECT  "users".* FROM "users"  WHERE "users"."id" = 28 LIMIT 1[0m
  [1m[35mSQL (3.5ms)[0m  UPDATE "users" SET "remember_me_token" = NULL, "remember_me_token_expires_at" = NULL WHERE "users"."id" = 28
Redirected to http://localhost:3000/auctions
Completed 302 Found in 7ms (ActiveRecord: 3.6ms)


Started GET "/auctions" for 127.0.0.1 at 2014-11-26 00:50:21 -0300
Processing by AuctionsController#index as HTML
  Rendered auctions/_tabs.html.erb (0.1ms)
  [1m[36mAuction Load (0.3ms)[0m  [1mSELECT "auctions".* FROM "auctions"[0m
  Rendered auctions/index.html.erb within layouts/application (3.5ms)
  Rendered application/_header.html.erb (0.4ms)
Completed 200 OK in 150ms (Views: 148.7ms | ActiveRecord: 0.3ms)


Started GET "/login" for 127.0.0.1 at 2014-11-26 00:50:24 -0300
Processing by UserSessionsController#new as HTML
  Rendered user_sessions/_form.html.erb (0.8ms)
  Rendered user_sessions/new.html.erb within layouts/application (1.5ms)
  Rendered application/_header.html.erb (0.5ms)
Completed 200 OK in 157ms (Views: 155.2ms | ActiveRecord: 0.0ms)


Started POST "/user_sessions" for 127.0.0.1 at 2014-11-26 00:50:28 -0300
Processing by UserSessionsController#create as HTML
  Parameters: {"utf8"=>"✓", "authenticity_token"=>"/4UhFtU1npl+NPHCz+XSBk+V+Aqt1zm5XR6ThmgI2Rw=", "username"=>"Kevi", "password"=>"[FILTERED]", "commit"=>"Ingresar"}
  [1m[35mUser Load (0.4ms)[0m  SELECT  "users".* FROM "users"  WHERE (username = 'Kevi')  ORDER BY "users"."id" ASC LIMIT 1
  [1m[36mUser Load (0.3ms)[0m  [1mSELECT "users".* FROM "users"  WHERE "users"."username" = 'Kevi' AND "users"."activo" = 't'[0m
  Rendered user_sessions/_form.html.erb (0.6ms)
  Rendered user_sessions/new.html.erb within layouts/application (1.2ms)
  Rendered application/_header.html.erb (0.5ms)
Completed 200 OK in 156ms (Views: 153.0ms | ActiveRecord: 0.6ms)


Started POST "/user_sessions" for 127.0.0.1 at 2014-11-26 00:50:52 -0300
Processing by UserSessionsController#create as HTML
  Parameters: {"utf8"=>"✓", "authenticity_token"=>"/4UhFtU1npl+NPHCz+XSBk+V+Aqt1zm5XR6ThmgI2Rw=", "username"=>"kevin91j", "password"=>"[FILTERED]", "commit"=>"Ingresar"}
  [1m[35mUser Load (0.2ms)[0m  SELECT  "users".* FROM "users"  WHERE (username = 'kevin91j')  ORDER BY "users"."id" ASC LIMIT 1
  [1m[36mUser Load (0.3ms)[0m  [1mSELECT "users".* FROM "users"  WHERE "users"."username" = 'kevin91j' AND "users"."activo" = 't'[0m
  Rendered user_sessions/_form.html.erb (0.7ms)
  Rendered user_sessions/new.html.erb within layouts/application (1.3ms)
  Rendered application/_header.html.erb (0.4ms)
Completed 200 OK in 258ms (Views: 141.9ms | ActiveRecord: 0.5ms)


Started POST "/user_sessions" for 127.0.0.1 at 2014-11-26 00:58:59 -0300
  [1m[36mActiveRecord::SchemaMigration Load (0.1ms)[0m  [1mSELECT "schema_migrations".* FROM "schema_migrations"[0m
Processing by UserSessionsController#create as HTML
  Parameters: {"utf8"=>"✓", "authenticity_token"=>"/4UhFtU1npl+NPHCz+XSBk+V+Aqt1zm5XR6ThmgI2Rw=", "username"=>"kevin91j", "password"=>"[FILTERED]", "commit"=>"Ingresar"}
  [1m[35mUser Load (0.2ms)[0m  SELECT  "users".* FROM "users"  WHERE (username = 'kevin91j')  ORDER BY "users"."id" ASC LIMIT 1
  [1m[36mUser Load (0.2ms)[0m  [1mSELECT "users".* FROM "users"  WHERE "users"."username" = 'kevin91j'[0m
Completed 500 Internal Server Error in 157ms

NoMethodError (undefined method `activo' for #<User::ActiveRecord_Relation:0x007f962dec13a8>):
  app/controllers/user_sessions_controller.rb:13:in `create'


  Rendered /home/oby/.rbenv/versions/2.1.5/lib/ruby/gems/2.1.0/gems/actionpack-4.1.6/lib/action_dispatch/middleware/templates/rescues/_source.erb (0.6ms)
  Rendered /home/oby/.rbenv/versions/2.1.5/lib/ruby/gems/2.1.0/gems/actionpack-4.1.6/lib/action_dispatch/middleware/templates/rescues/_trace.html.erb (1.1ms)
  Rendered /home/oby/.rbenv/versions/2.1.5/lib/ruby/gems/2.1.0/gems/actionpack-4.1.6/lib/action_dispatch/middleware/templates/rescues/_request_and_response.html.erb (1.1ms)
  Rendered /home/oby/.rbenv/versions/2.1.5/lib/ruby/gems/2.1.0/gems/actionpack-4.1.6/lib/action_dispatch/middleware/templates/rescues/diagnostics.erb within rescues/layout (14.1ms)


Started POST "/user_sessions" for 127.0.0.1 at 2014-11-26 00:59:11 -0300
Processing by UserSessionsController#create as HTML
  Parameters: {"utf8"=>"✓", "authenticity_token"=>"/4UhFtU1npl+NPHCz+XSBk+V+Aqt1zm5XR6ThmgI2Rw=", "username"=>"kevin91j", "password"=>"[FILTERED]", "commit"=>"Ingresar"}
  [1m[35mUser Load (0.2ms)[0m  SELECT  "users".* FROM "users"  WHERE (username = 'kevin91j')  ORDER BY "users"."id" ASC LIMIT 1
  [1m[36mUser Load (0.2ms)[0m  [1mSELECT "users".* FROM "users"  WHERE "users"."username" = 'kevin91j'[0m
Completed 500 Internal Server Error in 132ms

NoMethodError (undefined method `activo' for #<User::ActiveRecord_Relation:0x007f962d82c7b8>):
  app/controllers/user_sessions_controller.rb:13:in `create'


  Rendered /home/oby/.rbenv/versions/2.1.5/lib/ruby/gems/2.1.0/gems/actionpack-4.1.6/lib/action_dispatch/middleware/templates/rescues/_source.erb (0.6ms)
  Rendered /home/oby/.rbenv/versions/2.1.5/lib/ruby/gems/2.1.0/gems/actionpack-4.1.6/lib/action_dispatch/middleware/templates/rescues/_trace.html.erb (1.1ms)
  Rendered /home/oby/.rbenv/versions/2.1.5/lib/ruby/gems/2.1.0/gems/actionpack-4.1.6/lib/action_dispatch/middleware/templates/rescues/_request_and_response.html.erb (0.9ms)
  Rendered /home/oby/.rbenv/versions/2.1.5/lib/ruby/gems/2.1.0/gems/actionpack-4.1.6/lib/action_dispatch/middleware/templates/rescues/diagnostics.erb within rescues/layout (13.5ms)


Started POST "/user_sessions" for 127.0.0.1 at 2014-11-26 01:01:05 -0300
Processing by UserSessionsController#create as HTML
  Parameters: {"utf8"=>"✓", "authenticity_token"=>"/4UhFtU1npl+NPHCz+XSBk+V+Aqt1zm5XR6ThmgI2Rw=", "username"=>"kevin91j", "password"=>"[FILTERED]", "commit"=>"Ingresar"}
  [1m[35mUser Load (0.2ms)[0m  SELECT  "users".* FROM "users"  WHERE (username = 'kevin91j')  ORDER BY "users"."id" ASC LIMIT 1
  [1m[36mUser Load (0.2ms)[0m  [1mSELECT "users".* FROM "users"  WHERE "users"."username" = 'kevin91j' AND "users"."activo" = 't'[0m
  Rendered user_sessions/_form.html.erb (1.3ms)
  Rendered user_sessions/new.html.erb within layouts/application (4.1ms)
  Rendered application/_header.html.erb (2.4ms)
Completed 200 OK in 400ms (Views: 267.0ms | ActiveRecord: 1.1ms)


Started POST "/user_sessions" for 127.0.0.1 at 2014-11-26 01:01:11 -0300
Processing by UserSessionsController#create as HTML
  Parameters: {"utf8"=>"✓", "authenticity_token"=>"/4UhFtU1npl+NPHCz+XSBk+V+Aqt1zm5XR6ThmgI2Rw=", "username"=>"kevin91j", "password"=>"[FILTERED]", "commit"=>"Ingresar"}
  [1m[35mUser Load (0.3ms)[0m  SELECT  "users".* FROM "users"  WHERE (username = 'kevin91j')  ORDER BY "users"."id" ASC LIMIT 1
  [1m[36mUser Load (0.3ms)[0m  [1mSELECT "users".* FROM "users"  WHERE "users"."username" = 'kevin91j' AND "users"."activo" = 't'[0m
  Rendered user_sessions/_form.html.erb (0.7ms)
  Rendered user_sessions/new.html.erb within layouts/application (1.2ms)
  Rendered application/_header.html.erb (0.4ms)
Completed 200 OK in 275ms (Views: 153.9ms | ActiveRecord: 0.6ms)


Started POST "/user_sessions" for 127.0.0.1 at 2014-11-26 01:02:54 -0300
Processing by UserSessionsController#create as HTML
  Parameters: {"utf8"=>"✓", "authenticity_token"=>"/4UhFtU1npl+NPHCz+XSBk+V+Aqt1zm5XR6ThmgI2Rw=", "username"=>"kevin91j", "password"=>"[FILTERED]", "commit"=>"Ingresar"}
  [1m[35mUser Load (0.2ms)[0m  SELECT  "users".* FROM "users"  WHERE (username = 'kevin91j')  ORDER BY "users"."id" ASC LIMIT 1
  [1m[36mUser Load (0.2ms)[0m  [1mSELECT "users".* FROM "users"  WHERE "users"."username" = 'kevin91j' AND "users"."activo" = 't'[0m
  Rendered user_sessions/_form.html.erb (0.9ms)
  Rendered user_sessions/new.html.erb within layouts/application (1.4ms)
  Rendered application/_header.html.erb (0.4ms)
Completed 200 OK in 278ms (Views: 148.6ms | ActiveRecord: 1.0ms)


Started GET "/login" for 127.0.0.1 at 2014-11-26 01:02:58 -0300
Processing by UserSessionsController#new as HTML
  Rendered user_sessions/_form.html.erb (0.7ms)
  Rendered user_sessions/new.html.erb within layouts/application (1.2ms)
  Rendered application/_header.html.erb (4.2ms)
Completed 200 OK in 150ms (Views: 149.4ms | ActiveRecord: 0.0ms)


Started GET "/login" for 127.0.0.1 at 2014-11-26 01:02:59 -0300
Processing by UserSessionsController#new as HTML
  Rendered user_sessions/_form.html.erb (1.7ms)
  Rendered user_sessions/new.html.erb within layouts/application (3.0ms)
  Rendered application/_header.html.erb (1.2ms)
Completed 200 OK in 156ms (Views: 155.1ms | ActiveRecord: 0.0ms)


Started GET "/login" for 127.0.0.1 at 2014-11-26 01:03:00 -0300
Processing by UserSessionsController#new as HTML
  Rendered user_sessions/_form.html.erb (0.7ms)
  Rendered user_sessions/new.html.erb within layouts/application (1.4ms)
  Rendered application/_header.html.erb (0.5ms)
Completed 200 OK in 146ms (Views: 145.5ms | ActiveRecord: 0.0ms)


Started POST "/user_sessions" for 127.0.0.1 at 2014-11-26 01:03:05 -0300
Processing by UserSessionsController#create as HTML
  Parameters: {"utf8"=>"✓", "authenticity_token"=>"/4UhFtU1npl+NPHCz+XSBk+V+Aqt1zm5XR6ThmgI2Rw=", "username"=>"asd", "password"=>"[FILTERED]", "commit"=>"Ingresar"}
  [1m[35mUser Load (0.3ms)[0m  SELECT  "users".* FROM "users"  WHERE (username = 'asd')  ORDER BY "users"."id" ASC LIMIT 1
  [1m[36mUser Load (0.2ms)[0m  [1mSELECT "users".* FROM "users"  WHERE "users"."username" = 'asd' AND "users"."activo" = 't'[0m
  Rendered user_sessions/_form.html.erb (0.9ms)
  Rendered user_sessions/new.html.erb within layouts/application (1.6ms)
  Rendered application/_header.html.erb (0.5ms)
Completed 200 OK in 153ms (Views: 150.7ms | ActiveRecord: 0.5ms)


Started POST "/user_sessions" for 127.0.0.1 at 2014-11-26 01:03:10 -0300
Processing by UserSessionsController#create as HTML
  Parameters: {"utf8"=>"✓", "authenticity_token"=>"/4UhFtU1npl+NPHCz+XSBk+V+Aqt1zm5XR6ThmgI2Rw=", "username"=>"dasdasdsa", "password"=>"[FILTERED]", "commit"=>"Ingresar"}
  [1m[35mUser Load (0.2ms)[0m  SELECT  "users".* FROM "users"  WHERE (username = 'dasdasdsa')  ORDER BY "users"."id" ASC LIMIT 1
  [1m[36mUser Load (0.2ms)[0m  [1mSELECT "users".* FROM "users"  WHERE "users"."username" = 'dasdasdsa' AND "users"."activo" = 't'[0m
  Rendered user_sessions/_form.html.erb (0.6ms)
  Rendered user_sessions/new.html.erb within layouts/application (1.0ms)
  Rendered application/_header.html.erb (0.4ms)
Completed 200 OK in 160ms (Views: 158.3ms | ActiveRecord: 0.4ms)


Started POST "/user_sessions" for 127.0.0.1 at 2014-11-26 01:03:16 -0300
Processing by UserSessionsController#create as HTML
  Parameters: {"utf8"=>"✓", "authenticity_token"=>"/4UhFtU1npl+NPHCz+XSBk+V+Aqt1zm5XR6ThmgI2Rw=", "username"=>"zzzzzzzzwee", "password"=>"[FILTERED]", "commit"=>"Ingresar"}
  [1m[35mUser Load (0.2ms)[0m  SELECT  "users".* FROM "users"  WHERE (username = 'zzzzzzzzwee')  ORDER BY "users"."id" ASC LIMIT 1
  [1m[36mUser Load (0.2ms)[0m  [1mSELECT "users".* FROM "users"  WHERE "users"."username" = 'zzzzzzzzwee' AND "users"."activo" = 't'[0m
  Rendered user_sessions/_form.html.erb (0.6ms)
  Rendered user_sessions/new.html.erb within layouts/application (1.1ms)
  Rendered application/_header.html.erb (0.6ms)
Completed 200 OK in 159ms (Views: 156.4ms | ActiveRecord: 0.4ms)


Started POST "/user_sessions" for 127.0.0.1 at 2014-11-26 01:04:41 -0300

SyntaxError (/home/oby/Documents/ing-soft-abstergo/app/controllers/user_sessions_controller.rb:12: syntax error, unexpected ',', expecting =>
...[:username], params[:password], activo: true).blank?
...                               ^):
  app/controllers/user_sessions_controller.rb:12: syntax error, unexpected ',', expecting =>


  Rendered /home/oby/.rbenv/versions/2.1.5/lib/ruby/gems/2.1.0/gems/actionpack-4.1.6/lib/action_dispatch/middleware/templates/rescues/_source.erb (0.7ms)
  Rendered /home/oby/.rbenv/versions/2.1.5/lib/ruby/gems/2.1.0/gems/actionpack-4.1.6/lib/action_dispatch/middleware/templates/rescues/_trace.html.erb (1.0ms)
  Rendered /home/oby/.rbenv/versions/2.1.5/lib/ruby/gems/2.1.0/gems/actionpack-4.1.6/lib/action_dispatch/middleware/templates/rescues/_request_and_response.html.erb (1.3ms)
  Rendered /home/oby/.rbenv/versions/2.1.5/lib/ruby/gems/2.1.0/gems/actionpack-4.1.6/lib/action_dispatch/middleware/templates/rescues/diagnostics.erb within rescues/layout (13.8ms)


Started POST "/user_sessions" for 127.0.0.1 at 2014-11-26 01:11:57 -0300
Processing by UserSessionsController#create as HTML
  Parameters: {"utf8"=>"✓", "authenticity_token"=>"/4UhFtU1npl+NPHCz+XSBk+V+Aqt1zm5XR6ThmgI2Rw=", "username"=>"zzzzzzzzwee", "password"=>"[FILTERED]", "commit"=>"Ingresar"}
  [1m[35mUser Load (0.1ms)[0m  SELECT "users".* FROM "users"  WHERE "users"."username" = 'zzzzzzzzwee' AND "users"."activo" = 't'
  Rendered user_sessions/_form.html.erb (0.9ms)
  Rendered user_sessions/new.html.erb within layouts/application (1.5ms)
  Rendered application/_header.html.erb (0.5ms)
Completed 200 OK in 163ms (Views: 154.1ms | ActiveRecord: 0.7ms)


Started GET "/login" for 127.0.0.1 at 2014-11-26 01:11:59 -0300
Processing by UserSessionsController#new as HTML
  Rendered user_sessions/_form.html.erb (1.0ms)
  Rendered user_sessions/new.html.erb within layouts/application (2.1ms)
  Rendered application/_header.html.erb (0.5ms)
Completed 200 OK in 156ms (Views: 153.8ms | ActiveRecord: 0.3ms)


Started GET "/login" for 127.0.0.1 at 2014-11-26 01:12:00 -0300
Processing by UserSessionsController#new as HTML
  Rendered user_sessions/_form.html.erb (0.7ms)
  Rendered user_sessions/new.html.erb within layouts/application (1.3ms)
  Rendered application/_header.html.erb (0.5ms)
Completed 200 OK in 153ms (Views: 152.1ms | ActiveRecord: 0.0ms)


Started POST "/user_sessions" for 127.0.0.1 at 2014-11-26 01:12:04 -0300
Processing by UserSessionsController#create as HTML
  Parameters: {"utf8"=>"✓", "authenticity_token"=>"/4UhFtU1npl+NPHCz+XSBk+V+Aqt1zm5XR6ThmgI2Rw=", "username"=>"", "password"=>"[FILTERED]", "commit"=>"Ingresar"}
  [1m[36mUser Load (0.4ms)[0m  [1mSELECT "users".* FROM "users"  WHERE "users"."username" = '' AND "users"."activo" = 't'[0m
  Rendered user_sessions/_form.html.erb (0.8ms)
  Rendered user_sessions/new.html.erb within layouts/application (1.3ms)
  Rendered application/_header.html.erb (0.5ms)
Completed 200 OK in 162ms (Views: 159.9ms | ActiveRecord: 0.4ms)


Started POST "/user_sessions" for 127.0.0.1 at 2014-11-26 01:12:08 -0300
Processing by UserSessionsController#create as HTML
  Parameters: {"utf8"=>"✓", "authenticity_token"=>"/4UhFtU1npl+NPHCz+XSBk+V+Aqt1zm5XR6ThmgI2Rw=", "username"=>"asd", "password"=>"[FILTERED]", "commit"=>"Ingresar"}
  [1m[35mUser Load (0.2ms)[0m  SELECT "users".* FROM "users"  WHERE "users"."username" = 'asd' AND "users"."activo" = 't'
  Rendered user_sessions/_form.html.erb (0.6ms)
  Rendered user_sessions/new.html.erb within layouts/application (1.1ms)
  Rendered application/_header.html.erb (0.4ms)
Completed 200 OK in 192ms (Views: 190.3ms | ActiveRecord: 0.2ms)


Started POST "/user_sessions" for 127.0.0.1 at 2014-11-26 01:12:12 -0300
Processing by UserSessionsController#create as HTML
  Parameters: {"utf8"=>"✓", "authenticity_token"=>"/4UhFtU1npl+NPHCz+XSBk+V+Aqt1zm5XR6ThmgI2Rw=", "username"=>"oby", "password"=>"[FILTERED]", "commit"=>"Ingresar"}
  [1m[36mUser Load (0.3ms)[0m  [1mSELECT "users".* FROM "users"  WHERE "users"."username" = 'oby' AND "users"."activo" = 't'[0m
  Rendered user_sessions/_form.html.erb (0.8ms)
  Rendered user_sessions/new.html.erb within layouts/application (1.5ms)
  Rendered application/_header.html.erb (0.4ms)
Completed 200 OK in 154ms (Views: 152.2ms | ActiveRecord: 0.3ms)


Started POST "/user_sessions" for 127.0.0.1 at 2014-11-26 01:12:16 -0300
Processing by UserSessionsController#create as HTML
  Parameters: {"utf8"=>"✓", "authenticity_token"=>"/4UhFtU1npl+NPHCz+XSBk+V+Aqt1zm5XR6ThmgI2Rw=", "username"=>"kevin91j", "password"=>"[FILTERED]", "commit"=>"Ingresar"}
  [1m[35mUser Load (0.2ms)[0m  SELECT "users".* FROM "users"  WHERE "users"."username" = 'kevin91j' AND "users"."activo" = 't'
  [1m[36mUser Load (0.2ms)[0m  [1mSELECT  "users".* FROM "users"  WHERE (username = 'kevin91j')  ORDER BY "users"."id" ASC LIMIT 1[0m
  Rendered user_sessions/_form.html.erb (0.6ms)
  Rendered user_sessions/new.html.erb within layouts/application (1.1ms)
  Rendered application/_header.html.erb (0.6ms)
Completed 200 OK in 266ms (Views: 145.4ms | ActiveRecord: 0.4ms)


Started POST "/user_sessions" for 127.0.0.1 at 2014-11-26 01:12:21 -0300
Processing by UserSessionsController#create as HTML
  Parameters: {"utf8"=>"✓", "authenticity_token"=>"/4UhFtU1npl+NPHCz+XSBk+V+Aqt1zm5XR6ThmgI2Rw=", "username"=>"kevin91j", "password"=>"[FILTERED]", "commit"=>"Ingresar"}
  [1m[35mUser Load (0.4ms)[0m  SELECT "users".* FROM "users"  WHERE "users"."username" = 'kevin91j' AND "users"."activo" = 't'
  [1m[36mUser Load (0.3ms)[0m  [1mSELECT  "users".* FROM "users"  WHERE (username = 'kevin91j')  ORDER BY "users"."id" ASC LIMIT 1[0m
  Rendered user_sessions/_form.html.erb (0.6ms)
  Rendered user_sessions/new.html.erb within layouts/application (1.2ms)
  Rendered application/_header.html.erb (0.4ms)
Completed 200 OK in 270ms (Views: 149.8ms | ActiveRecord: 0.7ms)


Started POST "/user_sessions" for 127.0.0.1 at 2014-11-26 01:12:25 -0300
Processing by UserSessionsController#create as HTML
  Parameters: {"utf8"=>"✓", "authenticity_token"=>"/4UhFtU1npl+NPHCz+XSBk+V+Aqt1zm5XR6ThmgI2Rw=", "username"=>"asdasd", "password"=>"[FILTERED]", "commit"=>"Ingresar"}
  [1m[35mUser Load (0.2ms)[0m  SELECT "users".* FROM "users"  WHERE "users"."username" = 'asdasd' AND "users"."activo" = 't'
  Rendered user_sessions/_form.html.erb (0.6ms)
  Rendered user_sessions/new.html.erb within layouts/application (1.2ms)
  Rendered application/_header.html.erb (0.5ms)
Completed 200 OK in 156ms (Views: 154.1ms | ActiveRecord: 0.2ms)


Started POST "/user_sessions" for 127.0.0.1 at 2014-11-26 01:14:46 -0300
Processing by UserSessionsController#create as HTML
  Parameters: {"utf8"=>"✓", "authenticity_token"=>"/4UhFtU1npl+NPHCz+XSBk+V+Aqt1zm5XR6ThmgI2Rw=", "username"=>"asdasd", "password"=>"[FILTERED]", "commit"=>"Ingresar"}
  [1m[36mUser Load (0.1ms)[0m  [1mSELECT "users".* FROM "users"  WHERE "users"."username" = 'asdasd' AND "users"."activo" = 't'[0m
  Rendered user_sessions/_form.html.erb (0.7ms)
  Rendered user_sessions/new.html.erb within layouts/application (1.2ms)
  Rendered application/_header.html.erb (0.6ms)
Completed 200 OK in 155ms (Views: 147.5ms | ActiveRecord: 0.7ms)


Started POST "/user_sessions" for 127.0.0.1 at 2014-11-26 01:14:55 -0300
Processing by UserSessionsController#create as HTML
  Parameters: {"utf8"=>"✓", "authenticity_token"=>"/4UhFtU1npl+NPHCz+XSBk+V+Aqt1zm5XR6ThmgI2Rw=", "username"=>"asda", "password"=>"[FILTERED]", "commit"=>"Ingresar"}
  [1m[35mUser Load (0.3ms)[0m  SELECT "users".* FROM "users"  WHERE "users"."username" = 'asda' AND "users"."activo" = 't'
  Rendered user_sessions/_form.html.erb (0.9ms)
  Rendered user_sessions/new.html.erb within layouts/application (1.7ms)
  Rendered application/_header.html.erb (0.5ms)
Completed 200 OK in 158ms (Views: 156.7ms | ActiveRecord: 0.3ms)


Started POST "/user_sessions" for 127.0.0.1 at 2014-11-26 01:15:13 -0300
Processing by UserSessionsController#create as HTML
  Parameters: {"utf8"=>"✓", "authenticity_token"=>"/4UhFtU1npl+NPHCz+XSBk+V+Aqt1zm5XR6ThmgI2Rw=", "username"=>"kevin91j", "password"=>"[FILTERED]", "commit"=>"Ingresar"}
  [1m[36mUser Load (0.6ms)[0m  [1mSELECT "users".* FROM "users"  WHERE "users"."username" = 'kevin91j' AND "users"."activo" = 't'[0m
  [1m[35mUser Load (0.2ms)[0m  SELECT  "users".* FROM "users"  WHERE (username = 'kevin91j')  ORDER BY "users"."id" ASC LIMIT 1
  Rendered user_sessions/_form.html.erb (0.8ms)
  Rendered user_sessions/new.html.erb within layouts/application (1.3ms)
  Rendered application/_header.html.erb (0.4ms)
Completed 200 OK in 276ms (Views: 146.4ms | ActiveRecord: 1.2ms)


Started POST "/user_sessions" for 127.0.0.1 at 2014-11-26 01:15:19 -0300
Processing by UserSessionsController#create as HTML
  Parameters: {"utf8"=>"✓", "authenticity_token"=>"/4UhFtU1npl+NPHCz+XSBk+V+Aqt1zm5XR6ThmgI2Rw=", "username"=>"kevin91j", "password"=>"[FILTERED]", "commit"=>"Ingresar"}
  [1m[36mUser Load (0.2ms)[0m  [1mSELECT "users".* FROM "users"  WHERE "users"."username" = 'kevin91j' AND "users"."activo" = 't'[0m
  [1m[35mUser Load (0.2ms)[0m  SELECT  "users".* FROM "users"  WHERE (username = 'kevin91j')  ORDER BY "users"."id" ASC LIMIT 1
  Rendered user_sessions/_form.html.erb (0.6ms)
  Rendered user_sessions/new.html.erb within layouts/application (1.2ms)
  Rendered application/_header.html.erb (0.4ms)
Completed 200 OK in 258ms (Views: 143.9ms | ActiveRecord: 0.4ms)
